<?xml version="1.0" encoding="UTF-8"?>
<testng-results ignored="0" total="1" passed="1" failed="0" skipped="0">
  <reporter-output>
  </reporter-output>
  <suite started-at="2024-06-15T11:40:35 IST" name="Default suite" finished-at="2024-06-15T11:41:05 IST" duration-ms="30049">
    <groups>
    </groups>
    <test started-at="2024-06-15T11:40:35 IST" name="Default test" finished-at="2024-06-15T11:41:05 IST" duration-ms="30049">
      <class name="com.automation.testcases.LoginTestCRM">
        <test-method is-config="true" signature="setupSuite()[pri:0, instance:com.automation.testcases.LoginTestCRM@5b94b04d]" started-at="2024-06-15T11:40:34 IST" name="setupSuite" finished-at="2024-06-15T11:40:35 IST" duration-ms="717" status="PASS">
          <reporter-output>
          </reporter-output>
        </test-method> <!-- setupSuite -->
        <test-method is-config="true" signature="setUp()[pri:0, instance:com.automation.testcases.LoginTestCRM@5b94b04d]" started-at="2024-06-15T11:40:35 IST" name="setUp" finished-at="2024-06-15T11:40:58 IST" duration-ms="22545" status="PASS">
          <reporter-output>
          </reporter-output>
        </test-method> <!-- setUp -->
        <test-method signature="verifyUserAbleToLaunchTheURL()[pri:0, instance:com.automation.testcases.LoginTestCRM@5b94b04d]" started-at="2024-06-15T11:40:58 IST" name="verifyUserAbleToLaunchTheURL" finished-at="2024-06-15T11:41:05 IST" duration-ms="7256" status="PASS">
          <reporter-output>
          </reporter-output>
        </test-method> <!-- verifyUserAbleToLaunchTheURL -->
        <test-method is-config="true" signature="tearDonwMethod(org.testng.ITestResult)[pri:0, instance:com.automation.testcases.LoginTestCRM@5b94b04d]" started-at="2024-06-15T11:41:05 IST" name="tearDonwMethod" finished-at="2024-06-15T11:41:05 IST" duration-ms="10" status="PASS">
          <params>
            <param index="0">
              <value>
                <![CDATA[[TestResult name=verifyUserAbleToLaunchTheURL status=SUCCESS method=LoginTestCRM.verifyUserAbleToLaunchTheURL()[pri:0, instance:com.automation.testcases.LoginTestCRM@5b94b04d] output={null}]]]>
              </value>
            </param>
          </params>
          <reporter-output>
          </reporter-output>
        </test-method> <!-- tearDonwMethod -->
        <test-method is-config="true" signature="tearDown()[pri:0, instance:com.automation.testcases.LoginTestCRM@5b94b04d]" started-at="2024-06-15T11:41:05 IST" name="tearDown" finished-at="2024-06-15T11:41:05 IST" duration-ms="205" status="PASS">
          <reporter-output>
          </reporter-output>
        </test-method> <!-- tearDown -->
        <test-method is-config="true" signature="tearDownAfterSuite()[pri:0, instance:com.automation.testcases.LoginTestCRM@5b94b04d]" started-at="2024-06-15T11:41:05 IST" name="tearDownAfterSuite" finished-at="2024-06-15T11:41:06 IST" duration-ms="521" status="PASS">
          <reporter-output>
          </reporter-output>
        </test-method> <!-- tearDownAfterSuite -->
      </class> <!-- com.automation.testcases.LoginTestCRM -->
    </test> <!-- Default test -->
  </suite> <!-- Default suite -->
</testng-results>
