<?xml version="1.0" encoding="UTF-8"?>
<!-- Generated by org.testng.reporters.JUnitXMLReporter -->
<testsuite ignored="1" hostname="DESKTOP-PBE5DVE" failures="0" tests="1" name="Test" time="17.763" errors="0" timestamp="2024-07-11T01:31:15 IST">
  <testcase classname="com.automation.testcases.LoginTestCRM" name="fetchTheTableContent" time="4.858"/>
  <testcase classname="com.automation.testcases.LoginTestCRM" name="verifyUserAbleToLaunchTheURL" time="0.0">
    <ignored/>
  </testcase> <!-- verifyUserAbleToLaunchTheURL -->
</testsuite> <!-- Test -->
