<?xml version="1.0" encoding="UTF-8"?>
<!-- Generated by org.testng.reporters.JUnitXMLReporter -->
<testsuite ignored="1" hostname="DESKTOP-PBE5DVE" failures="0" tests="1" name="Default test" time="19.836" errors="0" timestamp="2024-07-11T01:28:13 IST">
  <testcase classname="com.automation.testcases.LoginTestCRM" name="fetchTheTableContent" time="6.593"/>
  <testcase classname="com.automation.testcases.LoginTestCRM" name="verifyUserAbleToLaunchTheURL" time="0.0">
    <ignored/>
  </testcase> <!-- verifyUserAbleToLaunchTheURL -->
</testsuite> <!-- Default test -->
